2019-07-27 08:53:31,185 - MainProcess[MainThread] - BrowserManager       - DEBUG   : BROWSER 1: Spawn attempt 0 
2019-07-27 08:53:31,318 - MainProcess[MainThread] - deploy_firefox       - DEBUG   : BROWSER 1: Saved extension config file to: /tmp/tmpidqd3onw/browser_params.json
2019-07-27 08:53:36,028 - MainProcess[MainThread] - deploy_firefox       - DEBUG   : BROWSER 1: OpenWPM Firefox extension loaded
2019-07-27 08:53:36,061 - MainProcess[MainThread] - FirefoxExtension     - DEBUG   : HTTP Instrumentation enabled
2019-07-27 08:53:36,082 - MainProcess[MainThread] - BrowserManager       - DEBUG   : BROWSER 1: Looking for extension port information in /tmp/rust_mozprofile.YgFcBJdjZhhV/
2019-07-27 08:53:36,082 - MainProcess[MainThread] - BrowserManager       - DEBUG   : BROWSER 1: Connecting to extension on port 45627
2019-07-27 08:53:36,082 - MainProcess[MainThread] - BrowserManager       - DEBUG   : BROWSER 1: BrowserManager ready.
2019-07-27 08:53:36,084 - MainProcess[MainThread] - BrowserManager       - DEBUG   : BROWSER 1: Browser spawn sucessful!
2019-07-27 08:53:36,141 - MainProcess[MainThread] - TaskManager          - INFO    : 

OpenWPM Version: b'@openwpm/webext-instrumentation@0.4.0-52-ga337b52'
Firefox Version: b'68.0'

========== Manager Configuration ==========
{
  "aggregator_address": [
    "127.0.0.1",
    38581
  ],
  "data_directory": "../database/requestdata2/",
  "database_name": "../database/requestdata2/crawl-data.sqlite",
  "failure_limit": null,
  "log_directory": "../database/requestdata2/",
  "log_file": "../database/requestdata2/openwpm.log",
  "logger_address": [
    "127.0.0.1",
    52729
  ],
  "num_browsers": 1,
  "output_format": "local",
  "screenshot_path": "../database/requestdata2/screenshots",
  "source_dump_path": "../database/requestdata2/sources",
  "testing": false
}

========== Browser Configuration ==========
Keys:
{
  "crawl_id": 0,
  "adblock-plus": 1,
  "bot_mitigation": 2,
  "browser": 3,
  "cookie_instrument": 4,
  "disable_flash": 5,
  "disconnect": 6,
  "donottrack": 7,
  "extension_enabled": 8,
  "ghostery": 9,
  "headless": 10,
  "http_instrument": 11,
  "https-everywhere": 12,
  "js_instrument": 13,
  "navigation_instrument": 14,
  "prefs": 15,
  "random_attributes": 16,
  "save_all_content": 17,
  "save_javascript": 18,
  "tp_cookies": 19,
  "tracking-protection": 20,
  "ublock-origin": 21
}

  0  1      2      3        4      5      6      7      8     9      10    11    12     13     14     15    16     17     18     19      20     21
---  -----  -----  -------  -----  -----  -----  -----  ----  -----  ----  ----  -----  -----  -----  ----  -----  -----  -----  ------  -----  -----
  1  False  False  firefox  False  False  False  False  True  False  True  True  False  False  False  {}    False  False  False  always  False  False

========== Input profile tar files ==========
  No profile tar files specified

========== Output (archive) profile dirs ==========
  No profile archive directories specified


2019-07-27 08:53:36,143 - MainProcess[MainThread] - BrowserManager       - DEBUG   : BROWSER 1: Killing browser manager...
2019-07-27 08:53:36,143 - MainProcess[MainThread] - BrowserManager       - DEBUG   : BROWSER 1: Attempting to kill BrowserManager with pid 4467. Display PID: 4474 | Display Port: 1005 | Browser PID: 4502
2019-07-27 08:53:36,143 - MainProcess[MainThread] - BrowserManager       - DEBUG   : BROWSER 1: Display process does not exit
2019-07-27 08:53:36,181 - MainProcess[MainThread] - BrowserManager       - DEBUG   : BROWSER 1: Geckodriver process already killed.
2019-07-27 08:53:36,189 - MainProcess[MainThread] - BaseAggregator       - DEBUG   : Sending the shutdown signal to the LocalAggregator listener process...
2019-07-27 08:53:36,191 - MainProcess[MainThread] - BaseAggregator       - DEBUG   : Status update; current record queue size: 0
2019-07-27 08:53:36,192 - MainProcess[MainThread] - BaseAggregator       - INFO    : Received shutdown signal!
2019-07-27 08:53:39,198 - MainProcess[MainThread] - BaseAggregator       - DEBUG   : LocalAggregator took 3.00890851020813 seconds to close.
