2019-07-27 08:53:29,883 - MainProcess[MainThread] - BrowserManager       - DEBUG   : BROWSER 1: Spawn attempt 0 
2019-07-27 08:53:30,143 - MainProcess[MainThread] - deploy_firefox       - DEBUG   : BROWSER 1: Saved extension config file to: /tmp/tmpga_r0eux/browser_params.json
2019-07-27 08:53:31,210 - MainProcess[log-interceptor-1] - selenium_firefox     - DEBUG   : BROWSER 1: driver: 1564192411210	mozrunner::runner	INFO	Running command: "/home/huy/2myproject/documents/openwpm/firefox-bin/firefox-bin" "-marionette" "-foreground" "-no-remote" "-profile" "/tmp/rust_mozprofile.nimbOcMJ6M1w"
2019-07-27 08:53:31,979 - MainProcess[log-interceptor-1] - selenium_firefox     - DEBUG   : BROWSER 1: driver: 1564192411979	addons.webextension.screenshots@mozilla.org	WARN	Loading extension 'screenshots@mozilla.org': Reading manifest: Invalid extension permission: mozillaAddons
2019-07-27 08:53:31,980 - MainProcess[log-interceptor-1] - selenium_firefox     - DEBUG   : BROWSER 1: driver: 1564192411979	addons.webextension.screenshots@mozilla.org	WARN	Loading extension 'screenshots@mozilla.org': Reading manifest: Invalid extension permission: telemetry
2019-07-27 08:53:31,980 - MainProcess[log-interceptor-1] - selenium_firefox     - DEBUG   : BROWSER 1: driver: 1564192411980	addons.webextension.screenshots@mozilla.org	WARN	Loading extension 'screenshots@mozilla.org': Reading manifest: Invalid extension permission: resource://pdf.js/
2019-07-27 08:53:31,980 - MainProcess[log-interceptor-1] - selenium_firefox     - DEBUG   : BROWSER 1: driver: 1564192411980	addons.webextension.screenshots@mozilla.org	WARN	Loading extension 'screenshots@mozilla.org': Reading manifest: Invalid extension permission: about:reader*
2019-07-27 08:53:34,891 - MainProcess[MainThread] - BaseAggregator       - DEBUG   : Status update; current record queue size: 0
2019-07-27 08:53:35,576 - MainProcess[log-interceptor-1] - selenium_firefox     - DEBUG   : BROWSER 1: driver: 1564192415575	Marionette	INFO	Listening on port 40175
2019-07-27 08:53:35,659 - MainProcess[log-interceptor-1] - selenium_firefox     - DEBUG   : BROWSER 1: driver: 1564192415658	Marionette	WARN	TLS certificate errors will be ignored for this session
2019-07-27 08:53:35,748 - MainProcess[log-interceptor-1] - selenium_firefox     - DEBUG   : BROWSER 1: driver: 1564192415747	addons.xpi	WARN	Failed to parse recommendation: TypeError: NetworkError when attempting to fetch resource. No traceback available
2019-07-27 08:53:35,869 - MainProcess[MainThread] - deploy_firefox       - DEBUG   : BROWSER 1: OpenWPM Firefox extension loaded
2019-07-27 08:53:35,891 - MainProcess[MainThread] - FirefoxExtension     - DEBUG   : HTTP Instrumentation enabled
2019-07-27 08:53:35,942 - MainProcess[log-interceptor-1] - selenium_firefox     - DEBUG   : BROWSER 1: driver: console.log: WebExtensions: Wrote to /tmp/rust_mozprofile.nimbOcMJ6M1w/extension_port.txt
2019-07-27 08:53:35,942 - MainProcess[MainThread] - BrowserManager       - DEBUG   : BROWSER 1: Looking for extension port information in /tmp/rust_mozprofile.nimbOcMJ6M1w/
2019-07-27 08:53:35,943 - MainProcess[MainThread] - BrowserManager       - DEBUG   : BROWSER 1: Connecting to extension on port 33749
2019-07-27 08:53:35,944 - MainProcess[MainThread] - BrowserManager       - DEBUG   : BROWSER 1: BrowserManager ready.
2019-07-27 08:53:35,946 - MainProcess[MainThread] - BrowserManager       - DEBUG   : BROWSER 1: Browser spawn sucessful!
2019-07-27 08:53:36,023 - MainProcess[MainThread] - TaskManager          - INFO    : 

OpenWPM Version: b'@openwpm/webext-instrumentation@0.4.0-52-ga337b52'
Firefox Version: b'68.0'

========== Manager Configuration ==========
{
  "aggregator_address": [
    "127.0.0.1",
    53293
  ],
  "data_directory": "../database/requestdata1/",
  "database_name": "../database/requestdata1/crawl-data.sqlite",
  "failure_limit": null,
  "log_directory": "../database/requestdata1/",
  "log_file": "../database/requestdata1/openwpm.log",
  "logger_address": [
    "127.0.0.1",
    47617
  ],
  "num_browsers": 1,
  "output_format": "local",
  "screenshot_path": "../database/requestdata1/screenshots",
  "source_dump_path": "../database/requestdata1/sources",
  "testing": false
}

========== Browser Configuration ==========
Keys:
{
  "crawl_id": 0,
  "adblock-plus": 1,
  "bot_mitigation": 2,
  "browser": 3,
  "cookie_instrument": 4,
  "disable_flash": 5,
  "disconnect": 6,
  "donottrack": 7,
  "extension_enabled": 8,
  "ghostery": 9,
  "headless": 10,
  "http_instrument": 11,
  "https-everywhere": 12,
  "js_instrument": 13,
  "navigation_instrument": 14,
  "prefs": 15,
  "random_attributes": 16,
  "save_all_content": 17,
  "save_javascript": 18,
  "tp_cookies": 19,
  "tracking-protection": 20,
  "ublock-origin": 21
}

  0  1      2      3        4      5      6      7      8     9      10    11    12     13     14     15    16     17     18     19      20     21
---  -----  -----  -------  -----  -----  -----  -----  ----  -----  ----  ----  -----  -----  -----  ----  -----  -----  -----  ------  -----  -----
  1  False  False  firefox  False  False  False  False  True  False  True  True  False  False  False  {}    False  False  False  always  False  False

========== Input profile tar files ==========
  No profile tar files specified

========== Output (archive) profile dirs ==========
  No profile archive directories specified


2019-07-27 08:53:36,030 - MainProcess[MainThread] - TaskManager          - DEBUG   : Checking command failure status indicator...
2019-07-27 08:53:36,137 - MainProcess[MainThread] - BrowserManager       - DEBUG   : BROWSER 1: Joining command thread
2019-07-27 08:53:36,139 - MainProcess[MainThread] - BrowserManager       - INFO    : BROWSER 1: EXECUTING COMMAND: ('GET', 'http://yhshop.com.ng', 0, 1)
2019-07-27 08:53:36,275 - MainProcess[MainThread] - FirefoxExtension     - DEBUG   : Visit Id: 1
2019-07-27 08:53:39,908 - MainProcess[MainThread] - BaseAggregator       - DEBUG   : Status update; current record queue size: 0
2019-07-27 08:53:44,933 - MainProcess[MainThread] - BaseAggregator       - DEBUG   : Status update; current record queue size: 13
2019-07-27 08:53:49,948 - MainProcess[MainThread] - BaseAggregator       - DEBUG   : Status update; current record queue size: 1
2019-07-27 08:53:54,637 - MainProcess[log-interceptor-1] - selenium_firefox     - DEBUG   : BROWSER 1: driver: console.error: BroadcastService:
2019-07-27 08:53:54,638 - MainProcess[log-interceptor-1] - selenium_firefox     - DEBUG   : BROWSER 1: driver: receivedBroadcastMessage: handler for
2019-07-27 08:53:54,638 - MainProcess[log-interceptor-1] - selenium_firefox     - DEBUG   : BROWSER 1: driver: remote-settings/monitor_changes
2019-07-27 08:53:54,638 - MainProcess[log-interceptor-1] - selenium_firefox     - DEBUG   : BROWSER 1: driver: threw error:
2019-07-27 08:53:54,638 - MainProcess[log-interceptor-1] - selenium_firefox     - DEBUG   : BROWSER 1: driver: Message: Error: Polling for changes failed: http://%(server)s/dummy/blocklist//buckets/monitor/collections/changes/records?_expected=%221564162743647%22 is not a valid URL..
2019-07-27 08:53:54,638 - MainProcess[log-interceptor-1] - selenium_firefox     - DEBUG   : BROWSER 1: driver: Stack:
2019-07-27 08:53:54,639 - MainProcess[log-interceptor-1] - selenium_firefox     - DEBUG   : BROWSER 1: driver: remoteSettingsFunction/remoteSettings.pollChanges@resource://services-settings/remote-settings.js:201:13
2019-07-27 08:53:54,639 - MainProcess[log-interceptor-1] - selenium_firefox     - DEBUG   : BROWSER 1: driver: 
2019-07-27 08:53:54,966 - MainProcess[MainThread] - BaseAggregator       - DEBUG   : Status update; current record queue size: 2
2019-07-27 08:53:59,982 - MainProcess[MainThread] - BaseAggregator       - DEBUG   : Status update; current record queue size: 12
2019-07-27 08:54:05,010 - MainProcess[MainThread] - BaseAggregator       - DEBUG   : Status update; current record queue size: 4
2019-07-27 08:54:10,033 - MainProcess[MainThread] - BaseAggregator       - DEBUG   : Status update; current record queue size: 57
2019-07-27 08:54:15,065 - MainProcess[MainThread] - BaseAggregator       - DEBUG   : Status update; current record queue size: 4
2019-07-27 08:54:18,874 - MainProcess[MainThread] - BrowserManager       - DEBUG   : BROWSER 1: 42.736717 seconds to join command thread
2019-07-27 08:54:18,874 - MainProcess[MainThread] - BrowserManager       - DEBUG   : BROWSER 1: Killing browser manager...
2019-07-27 08:54:18,874 - MainProcess[MainThread] - BrowserManager       - DEBUG   : BROWSER 1: Attempting to kill BrowserManager with pid 4410. Display PID: 4419 | Display Port: 1001 | Browser PID: 4436
2019-07-27 08:54:18,895 - MainProcess[MainThread] - BrowserManager       - DEBUG   : BROWSER 1: Geckodriver process already killed.
2019-07-27 08:54:18,926 - MainProcess[MainThread] - BaseAggregator       - DEBUG   : Sending the shutdown signal to the LocalAggregator listener process...
2019-07-27 08:54:19,079 - MainProcess[MainThread] - BaseAggregator       - INFO    : Received shutdown signal!
2019-07-27 08:54:22,090 - MainProcess[MainThread] - BaseAggregator       - DEBUG   : LocalAggregator took 3.1626548767089844 seconds to close.
